<?xml version="1.0" encoding="UTF-8"?>
<!-- Generated by org.testng.reporters.JUnitReportReporter -->
<testsuite ignored="0" hostname="DESKTOP-2PIKAKN" failures="0" tests="5" name="com.leaftaps.testcases.OneMg_CommonTests" time="2900.012" errors="2" timestamp="02 Oct 2023 17:23:10 GMT" skipped="0">
  <testcase classname="com.leaftaps.testcases.OneMg_CommonTests" name="runTests" time="1200.025"/>
  <testcase classname="com.leaftaps.testcases.OneMg_CommonTests" name="runTests" time="705.282">
    <error message="Test aborted" type="java.lang.RuntimeException">
      <![CDATA[java.lang.RuntimeException: Test aborted
	at com.leaftaps.pages.OneMG_MainPage.getAll_Alternatives_Of_Molecule_StoreInMap(OneMG_MainPage.java:64)
	at com.leaftaps.testcases.OneMg_CommonTests.runTests(OneMg_CommonTests.java:25)
	at java.base/jdk.internal.reflect.NativeMethodAccessorImpl.invoke0(Native Method)
	at java.base/jdk.internal.reflect.NativeMethodAccessorImpl.invoke(NativeMethodAccessorImpl.java:64)
	at java.base/jdk.internal.reflect.DelegatingMethodAccessorImpl.invoke(DelegatingMethodAccessorImpl.java:43)
	at java.base/java.lang.reflect.Method.invoke(Method.java:564)
	at org.testng.internal.MethodInvocationHelper.invokeMethod(MethodInvocationHelper.java:104)
	at org.testng.internal.Invoker.invokeMethod(Invoker.java:645)
	at org.testng.internal.Invoker.invokeTestMethod(Invoker.java:851)
	at org.testng.internal.TestMethodWithDataProviderMethodWorker.call(TestMethodWithDataProviderMethodWorker.java:75)
	at org.testng.internal.TestMethodWithDataProviderMethodWorker.call(TestMethodWithDataProviderMethodWorker.java:14)
	at java.base/java.util.concurrent.FutureTask.run(FutureTask.java:264)
	at java.base/java.util.concurrent.Executors$RunnableAdapter.call(Executors.java:515)
	at java.base/java.util.concurrent.FutureTask.run(FutureTask.java:264)
	at java.base/java.util.concurrent.ThreadPoolExecutor.runWorker(ThreadPoolExecutor.java:1130)
	at java.base/java.util.concurrent.ThreadPoolExecutor$Worker.run(ThreadPoolExecutor.java:630)
	at java.base/java.lang.Thread.run(Thread.java:832)
]]>
    </error>
  </testcase> <!-- runTests -->
  <testcase classname="com.leaftaps.testcases.OneMg_CommonTests" name="runTests" time="495.755"/>
  <testcase classname="com.leaftaps.testcases.OneMg_CommonTests" name="runTests" time="373.440">
    <error message="Test aborted" type="java.lang.RuntimeException">
      <![CDATA[java.lang.RuntimeException: Test aborted
	at com.leaftaps.pages.OneMG_MainPage.getAll_Alternatives_Of_Molecule_StoreInMap(OneMG_MainPage.java:64)
	at com.leaftaps.testcases.OneMg_CommonTests.runTests(OneMg_CommonTests.java:25)
	at java.base/jdk.internal.reflect.NativeMethodAccessorImpl.invoke0(Native Method)
	at java.base/jdk.internal.reflect.NativeMethodAccessorImpl.invoke(NativeMethodAccessorImpl.java:64)
	at java.base/jdk.internal.reflect.DelegatingMethodAccessorImpl.invoke(DelegatingMethodAccessorImpl.java:43)
	at java.base/java.lang.reflect.Method.invoke(Method.java:564)
	at org.testng.internal.MethodInvocationHelper.invokeMethod(MethodInvocationHelper.java:104)
	at org.testng.internal.Invoker.invokeMethod(Invoker.java:645)
	at org.testng.internal.Invoker.invokeTestMethod(Invoker.java:851)
	at org.testng.internal.TestMethodWithDataProviderMethodWorker.call(TestMethodWithDataProviderMethodWorker.java:75)
	at org.testng.internal.TestMethodWithDataProviderMethodWorker.call(TestMethodWithDataProviderMethodWorker.java:14)
	at java.base/java.util.concurrent.FutureTask.run(FutureTask.java:264)
	at java.base/java.util.concurrent.Executors$RunnableAdapter.call(Executors.java:515)
	at java.base/java.util.concurrent.FutureTask.run(FutureTask.java:264)
	at java.base/java.util.concurrent.ThreadPoolExecutor.runWorker(ThreadPoolExecutor.java:1130)
	at java.base/java.util.concurrent.ThreadPoolExecutor$Worker.run(ThreadPoolExecutor.java:630)
	at java.base/java.lang.Thread.run(Thread.java:832)
]]>
    </error>
  </testcase> <!-- runTests -->
  <testcase classname="com.leaftaps.testcases.OneMg_CommonTests" name="runTests" time="125.510"/>
</testsuite> <!-- com.leaftaps.testcases.OneMg_CommonTests -->
