<?xml version="1.0" encoding="UTF-8"?>
<!-- Generated by org.testng.reporters.JUnitReportReporter -->
<testsuite ignored="2" hostname="DESKTOP-2PIKAKN" failures="0" tests="1" name="com.leaftaps.testcases.OneMg_VANCOMYCIN1GM" time="153.642" errors="0" timestamp="28 Sep 2023 14:01:27 GMT" skipped="0">
  <testcase classname="com.leaftaps.testcases.OneMg_VANCOMYCIN1GM" name="runTests" time="153.642"/>
  <testcase classname="com.framework.utils.ExtentReporter" name="endResult">
    <skipped/>
  </testcase> <!-- endResult -->
  <testcase classname="com.framework.utils.ExtentReporter" name="startReport">
    <skipped/>
  </testcase> <!-- startReport -->
</testsuite> <!-- com.leaftaps.testcases.OneMg_VANCOMYCIN1GM -->
