<?xml version="1.0" encoding="UTF-8"?>
<!-- Generated by org.testng.reporters.JUnitReportReporter -->
<testsuite ignored="0" hostname="Ideas2IT" failures="0" tests="1" name="com.graphql.selenium.GetQueueSize" time="1440.807" errors="0" timestamp="16 Oct 2023 13:33:05 GMT" skipped="0">
  <testcase classname="com.graphql.selenium.GetQueueSize" name="scaleUPBasedOnQueue" time="1440.807"/>
</testsuite> <!-- com.graphql.selenium.GetQueueSize -->
