<?xml version="1.0" encoding="UTF-8"?>
<!-- Generated by org.testng.reporters.JUnitReportReporter -->
<testsuite ignored="0" hostname="DESKTOP-2PIKAKN" failures="0" tests="3" name="com.leaftaps.testcases.OneMg_CommonTests" time="1471.842" errors="0" timestamp="29 Sep 2023 13:43:32 GMT" skipped="0">
  <testcase classname="com.leaftaps.testcases.OneMg_CommonTests" name="runTests" time="446.728"/>
  <testcase classname="com.leaftaps.testcases.OneMg_CommonTests" name="runTests" time="118.509"/>
  <testcase classname="com.leaftaps.testcases.OneMg_CommonTests" name="runTests" time="906.605"/>
</testsuite> <!-- com.leaftaps.testcases.OneMg_CommonTests -->
