<?xml version="1.0" encoding="UTF-8"?>
<!-- Generated by org.testng.reporters.JUnitReportReporter -->
<testsuite ignored="0" hostname="Ideas2IT" failures="0" tests="5" name="com.leaftaps.testcases.Netmeds_CommonTests" time="29.960" errors="5" timestamp="06 Oct 2023 13:16:02 GMT" skipped="0">
  <testcase classname="com.leaftaps.testcases.Netmeds_CommonTests" name="runTests" time="6.057">
    <error message="Cannot invoke &quot;org.openqa.selenium.remote.RemoteWebDriver.getScreenshotAs(org.openqa.selenium.OutputType)&quot; because the return value of &quot;com.framework.selenium.api.base.SeleniumBase.getDriver()&quot; is null" type="java.lang.NullPointerException">
      <![CDATA[java.lang.NullPointerException: Cannot invoke "org.openqa.selenium.remote.RemoteWebDriver.getScreenshotAs(org.openqa.selenium.OutputType)" because the return value of "com.framework.selenium.api.base.SeleniumBase.getDriver()" is null
	at com.framework.selenium.api.base.SeleniumBase.takeSnap(SeleniumBase.java:963)
	at com.framework.utils.ExtentReporter.reportStep(ExtentReporter.java:88)
	at com.framework.utils.ExtentReporter.reportStep(ExtentReporter.java:121)
	at com.framework.selenium.api.base.SeleniumBase.locateElement(SeleniumBase.java:726)
	at com.leaftaps.pages.MainPage_Netmeds.enterMoleculeName_PressEnter(MainPage_Netmeds.java:39)
	at com.leaftaps.testcases.Netmeds_CommonTests.runTests(Netmeds_CommonTests.java:25)
	at java.base/jdk.internal.reflect.NativeMethodAccessorImpl.invoke0(Native Method)
	at java.base/jdk.internal.reflect.NativeMethodAccessorImpl.invoke(NativeMethodAccessorImpl.java:77)
	at java.base/jdk.internal.reflect.DelegatingMethodAccessorImpl.invoke(DelegatingMethodAccessorImpl.java:43)
	at java.base/java.lang.reflect.Method.invoke(Method.java:568)
	at org.testng.internal.MethodInvocationHelper.invokeMethod(MethodInvocationHelper.java:104)
	at org.testng.internal.Invoker.invokeMethod(Invoker.java:645)
	at org.testng.internal.Invoker.invokeTestMethod(Invoker.java:851)
	at org.testng.internal.TestMethodWithDataProviderMethodWorker.call(TestMethodWithDataProviderMethodWorker.java:75)
	at org.testng.internal.TestMethodWithDataProviderMethodWorker.call(TestMethodWithDataProviderMethodWorker.java:14)
	at java.base/java.util.concurrent.FutureTask.run(FutureTask.java:264)
	at java.base/java.util.concurrent.Executors$RunnableAdapter.call(Executors.java:539)
	at java.base/java.util.concurrent.FutureTask.run(FutureTask.java:264)
	at java.base/java.util.concurrent.ThreadPoolExecutor.runWorker(ThreadPoolExecutor.java:1136)
	at java.base/java.util.concurrent.ThreadPoolExecutor$Worker.run(ThreadPoolExecutor.java:635)
	at java.base/java.lang.Thread.run(Thread.java:833)
]]>
    </error>
  </testcase> <!-- runTests -->
  <testcase classname="com.leaftaps.testcases.Netmeds_CommonTests" name="runTests" time="5.963">
    <error message="Cannot invoke &quot;org.openqa.selenium.remote.RemoteWebDriver.getScreenshotAs(org.openqa.selenium.OutputType)&quot; because the return value of &quot;com.framework.selenium.api.base.SeleniumBase.getDriver()&quot; is null" type="java.lang.NullPointerException">
      <![CDATA[java.lang.NullPointerException: Cannot invoke "org.openqa.selenium.remote.RemoteWebDriver.getScreenshotAs(org.openqa.selenium.OutputType)" because the return value of "com.framework.selenium.api.base.SeleniumBase.getDriver()" is null
	at com.framework.selenium.api.base.SeleniumBase.takeSnap(SeleniumBase.java:963)
	at com.framework.utils.ExtentReporter.reportStep(ExtentReporter.java:88)
	at com.framework.utils.ExtentReporter.reportStep(ExtentReporter.java:121)
	at com.framework.selenium.api.base.SeleniumBase.locateElement(SeleniumBase.java:726)
	at com.leaftaps.pages.MainPage_Netmeds.enterMoleculeName_PressEnter(MainPage_Netmeds.java:39)
	at com.leaftaps.testcases.Netmeds_CommonTests.runTests(Netmeds_CommonTests.java:25)
	at java.base/jdk.internal.reflect.NativeMethodAccessorImpl.invoke0(Native Method)
	at java.base/jdk.internal.reflect.NativeMethodAccessorImpl.invoke(NativeMethodAccessorImpl.java:77)
	at java.base/jdk.internal.reflect.DelegatingMethodAccessorImpl.invoke(DelegatingMethodAccessorImpl.java:43)
	at java.base/java.lang.reflect.Method.invoke(Method.java:568)
	at org.testng.internal.MethodInvocationHelper.invokeMethod(MethodInvocationHelper.java:104)
	at org.testng.internal.Invoker.invokeMethod(Invoker.java:645)
	at org.testng.internal.Invoker.invokeTestMethod(Invoker.java:851)
	at org.testng.internal.TestMethodWithDataProviderMethodWorker.call(TestMethodWithDataProviderMethodWorker.java:75)
	at org.testng.internal.TestMethodWithDataProviderMethodWorker.call(TestMethodWithDataProviderMethodWorker.java:14)
	at java.base/java.util.concurrent.FutureTask.run(FutureTask.java:264)
	at java.base/java.util.concurrent.Executors$RunnableAdapter.call(Executors.java:539)
	at java.base/java.util.concurrent.FutureTask.run(FutureTask.java:264)
	at java.base/java.util.concurrent.ThreadPoolExecutor.runWorker(ThreadPoolExecutor.java:1136)
	at java.base/java.util.concurrent.ThreadPoolExecutor$Worker.run(ThreadPoolExecutor.java:635)
	at java.base/java.lang.Thread.run(Thread.java:833)
]]>
    </error>
  </testcase> <!-- runTests -->
  <testcase classname="com.leaftaps.testcases.Netmeds_CommonTests" name="runTests" time="5.996">
    <error message="Cannot invoke &quot;org.openqa.selenium.remote.RemoteWebDriver.getScreenshotAs(org.openqa.selenium.OutputType)&quot; because the return value of &quot;com.framework.selenium.api.base.SeleniumBase.getDriver()&quot; is null" type="java.lang.NullPointerException">
      <![CDATA[java.lang.NullPointerException: Cannot invoke "org.openqa.selenium.remote.RemoteWebDriver.getScreenshotAs(org.openqa.selenium.OutputType)" because the return value of "com.framework.selenium.api.base.SeleniumBase.getDriver()" is null
	at com.framework.selenium.api.base.SeleniumBase.takeSnap(SeleniumBase.java:963)
	at com.framework.utils.ExtentReporter.reportStep(ExtentReporter.java:88)
	at com.framework.utils.ExtentReporter.reportStep(ExtentReporter.java:121)
	at com.framework.selenium.api.base.SeleniumBase.locateElement(SeleniumBase.java:726)
	at com.leaftaps.pages.MainPage_Netmeds.enterMoleculeName_PressEnter(MainPage_Netmeds.java:39)
	at com.leaftaps.testcases.Netmeds_CommonTests.runTests(Netmeds_CommonTests.java:25)
	at java.base/jdk.internal.reflect.NativeMethodAccessorImpl.invoke0(Native Method)
	at java.base/jdk.internal.reflect.NativeMethodAccessorImpl.invoke(NativeMethodAccessorImpl.java:77)
	at java.base/jdk.internal.reflect.DelegatingMethodAccessorImpl.invoke(DelegatingMethodAccessorImpl.java:43)
	at java.base/java.lang.reflect.Method.invoke(Method.java:568)
	at org.testng.internal.MethodInvocationHelper.invokeMethod(MethodInvocationHelper.java:104)
	at org.testng.internal.Invoker.invokeMethod(Invoker.java:645)
	at org.testng.internal.Invoker.invokeTestMethod(Invoker.java:851)
	at org.testng.internal.TestMethodWithDataProviderMethodWorker.call(TestMethodWithDataProviderMethodWorker.java:75)
	at org.testng.internal.TestMethodWithDataProviderMethodWorker.call(TestMethodWithDataProviderMethodWorker.java:14)
	at java.base/java.util.concurrent.FutureTask.run(FutureTask.java:264)
	at java.base/java.util.concurrent.Executors$RunnableAdapter.call(Executors.java:539)
	at java.base/java.util.concurrent.FutureTask.run(FutureTask.java:264)
	at java.base/java.util.concurrent.ThreadPoolExecutor.runWorker(ThreadPoolExecutor.java:1136)
	at java.base/java.util.concurrent.ThreadPoolExecutor$Worker.run(ThreadPoolExecutor.java:635)
	at java.base/java.lang.Thread.run(Thread.java:833)
]]>
    </error>
  </testcase> <!-- runTests -->
  <testcase classname="com.leaftaps.testcases.Netmeds_CommonTests" name="runTests" time="5.915">
    <error message="Cannot invoke &quot;org.openqa.selenium.remote.RemoteWebDriver.getScreenshotAs(org.openqa.selenium.OutputType)&quot; because the return value of &quot;com.framework.selenium.api.base.SeleniumBase.getDriver()&quot; is null" type="java.lang.NullPointerException">
      <![CDATA[java.lang.NullPointerException: Cannot invoke "org.openqa.selenium.remote.RemoteWebDriver.getScreenshotAs(org.openqa.selenium.OutputType)" because the return value of "com.framework.selenium.api.base.SeleniumBase.getDriver()" is null
	at com.framework.selenium.api.base.SeleniumBase.takeSnap(SeleniumBase.java:963)
	at com.framework.utils.ExtentReporter.reportStep(ExtentReporter.java:88)
	at com.framework.utils.ExtentReporter.reportStep(ExtentReporter.java:121)
	at com.framework.selenium.api.base.SeleniumBase.locateElement(SeleniumBase.java:726)
	at com.leaftaps.pages.MainPage_Netmeds.enterMoleculeName_PressEnter(MainPage_Netmeds.java:39)
	at com.leaftaps.testcases.Netmeds_CommonTests.runTests(Netmeds_CommonTests.java:25)
	at java.base/jdk.internal.reflect.NativeMethodAccessorImpl.invoke0(Native Method)
	at java.base/jdk.internal.reflect.NativeMethodAccessorImpl.invoke(NativeMethodAccessorImpl.java:77)
	at java.base/jdk.internal.reflect.DelegatingMethodAccessorImpl.invoke(DelegatingMethodAccessorImpl.java:43)
	at java.base/java.lang.reflect.Method.invoke(Method.java:568)
	at org.testng.internal.MethodInvocationHelper.invokeMethod(MethodInvocationHelper.java:104)
	at org.testng.internal.Invoker.invokeMethod(Invoker.java:645)
	at org.testng.internal.Invoker.invokeTestMethod(Invoker.java:851)
	at org.testng.internal.TestMethodWithDataProviderMethodWorker.call(TestMethodWithDataProviderMethodWorker.java:75)
	at org.testng.internal.TestMethodWithDataProviderMethodWorker.call(TestMethodWithDataProviderMethodWorker.java:14)
	at java.base/java.util.concurrent.FutureTask.run(FutureTask.java:264)
	at java.base/java.util.concurrent.Executors$RunnableAdapter.call(Executors.java:539)
	at java.base/java.util.concurrent.FutureTask.run(FutureTask.java:264)
	at java.base/java.util.concurrent.ThreadPoolExecutor.runWorker(ThreadPoolExecutor.java:1136)
	at java.base/java.util.concurrent.ThreadPoolExecutor$Worker.run(ThreadPoolExecutor.java:635)
	at java.base/java.lang.Thread.run(Thread.java:833)
]]>
    </error>
  </testcase> <!-- runTests -->
  <testcase classname="com.leaftaps.testcases.Netmeds_CommonTests" name="runTests" time="6.029">
    <error message="Cannot invoke &quot;org.openqa.selenium.remote.RemoteWebDriver.getScreenshotAs(org.openqa.selenium.OutputType)&quot; because the return value of &quot;com.framework.selenium.api.base.SeleniumBase.getDriver()&quot; is null" type="java.lang.NullPointerException">
      <![CDATA[java.lang.NullPointerException: Cannot invoke "org.openqa.selenium.remote.RemoteWebDriver.getScreenshotAs(org.openqa.selenium.OutputType)" because the return value of "com.framework.selenium.api.base.SeleniumBase.getDriver()" is null
	at com.framework.selenium.api.base.SeleniumBase.takeSnap(SeleniumBase.java:963)
	at com.framework.utils.ExtentReporter.reportStep(ExtentReporter.java:88)
	at com.framework.utils.ExtentReporter.reportStep(ExtentReporter.java:121)
	at com.framework.selenium.api.base.SeleniumBase.locateElement(SeleniumBase.java:726)
	at com.leaftaps.pages.MainPage_Netmeds.enterMoleculeName_PressEnter(MainPage_Netmeds.java:39)
	at com.leaftaps.testcases.Netmeds_CommonTests.runTests(Netmeds_CommonTests.java:25)
	at java.base/jdk.internal.reflect.NativeMethodAccessorImpl.invoke0(Native Method)
	at java.base/jdk.internal.reflect.NativeMethodAccessorImpl.invoke(NativeMethodAccessorImpl.java:77)
	at java.base/jdk.internal.reflect.DelegatingMethodAccessorImpl.invoke(DelegatingMethodAccessorImpl.java:43)
	at java.base/java.lang.reflect.Method.invoke(Method.java:568)
	at org.testng.internal.MethodInvocationHelper.invokeMethod(MethodInvocationHelper.java:104)
	at org.testng.internal.Invoker.invokeMethod(Invoker.java:645)
	at org.testng.internal.Invoker.invokeTestMethod(Invoker.java:851)
	at org.testng.internal.TestMethodWithDataProviderMethodWorker.call(TestMethodWithDataProviderMethodWorker.java:75)
	at org.testng.internal.TestMethodWithDataProviderMethodWorker.call(TestMethodWithDataProviderMethodWorker.java:14)
	at java.base/java.util.concurrent.FutureTask.run(FutureTask.java:264)
	at java.base/java.util.concurrent.Executors$RunnableAdapter.call(Executors.java:539)
	at java.base/java.util.concurrent.FutureTask.run(FutureTask.java:264)
	at java.base/java.util.concurrent.ThreadPoolExecutor.runWorker(ThreadPoolExecutor.java:1136)
	at java.base/java.util.concurrent.ThreadPoolExecutor$Worker.run(ThreadPoolExecutor.java:635)
	at java.base/java.lang.Thread.run(Thread.java:833)
]]>
    </error>
  </testcase> <!-- runTests -->
</testsuite> <!-- com.leaftaps.testcases.Netmeds_CommonTests -->
